e:\raytracing\imgui\imgui_glfw3_raytracing_t_m_s\bin-int\debug-x86_64\molers\molers.pch
e:\raytracing\imgui\imgui_glfw3_raytracing_t_m_s\bin-int\debug-x86_64\molers\vc142.pdb
e:\raytracing\imgui\imgui_glfw3_raytracing_t_m_s\bin-int\debug-x86_64\molers\vc142.idb
e:\raytracing\imgui\imgui_glfw3_raytracing_t_m_s\bin-int\debug-x86_64\molers\precompile.obj
e:\raytracing\imgui\imgui_glfw3_raytracing_t_m_s\bin-int\debug-x86_64\molers\windowsinput.obj
e:\raytracing\imgui\imgui_glfw3_raytracing_t_m_s\bin-int\debug-x86_64\molers\imguilayer.obj
e:\raytracing\imgui\imgui_glfw3_raytracing_t_m_s\bin-int\debug-x86_64\molers\windowswindow.obj
e:\raytracing\imgui\imgui_glfw3_raytracing_t_m_s\bin-int\debug-x86_64\molers\imgui_impl_opengl3.obj
e:\raytracing\imgui\imgui_glfw3_raytracing_t_m_s\bin-int\debug-x86_64\molers\log.obj
e:\raytracing\imgui\imgui_glfw3_raytracing_t_m_s\bin-int\debug-x86_64\molers\layerstack.obj
e:\raytracing\imgui\imgui_glfw3_raytracing_t_m_s\bin-int\debug-x86_64\molers\layer.obj
e:\raytracing\imgui\imgui_glfw3_raytracing_t_m_s\bin-int\debug-x86_64\molers\application.obj
e:\raytracing\imgui\imgui_glfw3_raytracing_t_m_s\bin\debug-x86_64\molers\molers.ilk
e:\raytracing\imgui\imgui_glfw3_raytracing_t_m_s\bin\debug-x86_64\molers\molers.dll
e:\raytracing\imgui\imgui_glfw3_raytracing_t_m_s\bin\debug-x86_64\molers\molers.pdb
e:\raytracing\imgui\imgui_glfw3_raytracing_t_m_s\bin\debug-x86_64\molers\molers.lib
e:\raytracing\imgui\imgui_glfw3_raytracing_t_m_s\bin\debug-x86_64\molers\molers.exp
e:\raytracing\imgui\imgui_glfw3_raytracing_t_m_s\molers\..\bin\debug-x86_64\molers\molers.dll
e:\raytracing\imgui\imgui_glfw3_raytracing_t_m_s\bin-int\debug-x86_64\molers\molers.tlog\cl.command.1.tlog
e:\raytracing\imgui\imgui_glfw3_raytracing_t_m_s\bin-int\debug-x86_64\molers\molers.tlog\cl.read.1.tlog
e:\raytracing\imgui\imgui_glfw3_raytracing_t_m_s\bin-int\debug-x86_64\molers\molers.tlog\cl.write.1.tlog
e:\raytracing\imgui\imgui_glfw3_raytracing_t_m_s\bin-int\debug-x86_64\molers\molers.tlog\link.command.1.tlog
e:\raytracing\imgui\imgui_glfw3_raytracing_t_m_s\bin-int\debug-x86_64\molers\molers.tlog\link.read.1.tlog
e:\raytracing\imgui\imgui_glfw3_raytracing_t_m_s\bin-int\debug-x86_64\molers\molers.tlog\link.write.1.tlog
e:\raytracing\imgui\imgui_glfw3_raytracing_t_m_s\bin-int\debug-x86_64\molers\molers.tlog\molers.write.1u.tlog
